app/build/intermediates/manifest_merge_blame_file/debug/manifest-merger-blame-debug-report.txt
1<?xml version="1.0" encoding="utf-8"?>
2<manifest xmlns:android="http://schemas.android.com/apk/res/android"
3    package="com.example.detectColor"
4    android:versionCode="1"
5    android:versionName="1.0" >
6
7    <uses-sdk
8        android:minSdkVersion="19"
8-->src\main\AndroidManifest.xml
9        android:targetSdkVersion="29" />
9-->src\main\AndroidManifest.xml
10
11    <uses-feature android:name="android.hardware.camera" />
11-->src\main\AndroidManifest.xml:3:5-60
11-->src\main\AndroidManifest.xml:3:19-57
12    <uses-feature android:name="android.hardware.camera.autofocus " />
12-->src\main\AndroidManifest.xml:4:5-71
12-->src\main\AndroidManifest.xml:4:19-68
13
14    <uses-permission
14-->src\main\AndroidManifest.xml:6:5-86
15        android:name="android.hardware.camera"
15-->src\main\AndroidManifest.xml:6:22-60
16        android:required="true" />
16-->src\main\AndroidManifest.xml:6:61-84
17    <uses-permission android:name="android.permission.CAMERA" />
17-->src\main\AndroidManifest.xml:7:5-65
17-->src\main\AndroidManifest.xml:7:22-62
18    <uses-permission android:name="android.hardware.camera.autofocus" />
18-->src\main\AndroidManifest.xml:8:5-73
18-->src\main\AndroidManifest.xml:8:22-70
19    <uses-permission
19-->src\main\AndroidManifest.xml:9:5-93
20        android:name="android.hardware.camera.front"
20-->src\main\AndroidManifest.xml:9:22-66
21        android:required="false" />
21-->src\main\AndroidManifest.xml:9:67-91
22    <uses-permission
22-->src\main\AndroidManifest.xml:10:5-103
23        android:name="android.hardware.camera.front.autofocus"
23-->src\main\AndroidManifest.xml:10:22-76
24        android:required="false" />
24-->src\main\AndroidManifest.xml:10:77-101
25    <uses-permission android:name="android.hardware.camera.flash" />
25-->src\main\AndroidManifest.xml:11:5-69
25-->src\main\AndroidManifest.xml:11:22-66
26    <uses-permission android:name="android.permission.READ_EXTERNAL_STORAGE" />
26-->src\main\AndroidManifest.xml:12:5-80
26-->src\main\AndroidManifest.xml:12:22-77
27    <uses-permission
27-->src\main\AndroidManifest.xml:14:5-17:44
28        android:name="android.permission.FLASHLIGHT"
28-->src\main\AndroidManifest.xml:15:9-53
29        android:permissionGroup="android.permission-group.HARDWARE_CONTROLS"
29-->src\main\AndroidManifest.xml:16:9-77
30        android:protectionLevel="normal" />
30-->src\main\AndroidManifest.xml:17:9-41
31
32    <application
32-->src\main\AndroidManifest.xml:21:5-44:19
33        android:allowBackup="true"
33-->src\main\AndroidManifest.xml:22:9-35
34        android:appComponentFactory="androidx.core.app.CoreComponentFactory"
34-->[androidx.core:core:1.1.0] AndroidManifest.xml:24:18-86
35        android:debuggable="true"
36        android:icon="@mipmap/ic_launcher"
36-->src\main\AndroidManifest.xml:23:9-43
37        android:label="Color Detector"
37-->src\main\AndroidManifest.xml:25:9-39
38        android:requestLegacyExternalStorage="true"
38-->src\main\AndroidManifest.xml:24:9-52
39        android:roundIcon="@mipmap/ic_launcher_round"
39-->src\main\AndroidManifest.xml:26:9-54
40        android:supportsRtl="true"
40-->src\main\AndroidManifest.xml:27:9-35
41        android:testOnly="true"
42        android:theme="@style/AppTheme" >
42-->src\main\AndroidManifest.xml:28:9-40
43        <activity
43-->src\main\AndroidManifest.xml:31:9-38:20
44            android:name="com.example.detectcolor.MainScreenActivity"
44-->src\main\AndroidManifest.xml:32:13-47
45            android:theme="@style/AppTheme" >
45-->src\main\AndroidManifest.xml:33:13-44
46            <intent-filter>
46-->src\main\AndroidManifest.xml:34:13-37:29
47                <action android:name="android.intent.action.MAIN" />
47-->src\main\AndroidManifest.xml:35:17-69
47-->src\main\AndroidManifest.xml:35:25-66
48
49                <category android:name="android.intent.category.LAUNCHER" />
49-->src\main\AndroidManifest.xml:36:17-77
49-->src\main\AndroidManifest.xml:36:27-74
50            </intent-filter>
51        </activity>
52        <activity
52-->src\main\AndroidManifest.xml:39:9-42:20
53            android:name="com.example.detectcolor.Main2Activity"
53-->src\main\AndroidManifest.xml:40:13-42
54            android:theme="@style/AppTheme" >
54-->src\main\AndroidManifest.xml:41:13-44
55        </activity>
56    </application>
57
58</manifest>